TN:
SF:/Users/matt/projects/barco-challenge/src/main.js
FN:10,(anonymous_0)
FN:20,(anonymous_1)
FNF:2
FNH:0
FNDA:0,(anonymous_0)
FNDA:0,(anonymous_1)
DA:7,0
DA:10,0
DA:11,0
DA:12,0
DA:15,0
DA:17,0
DA:21,0
LF:7
LH:0
BRF:0
BRH:0
end_of_record
TN:
SF:/Users/matt/projects/barco-challenge/src/router/index.js
FNF:0
FNH:0
DA:10,0
DA:12,0
DA:40,0
LF:3
LH:0
BRF:0
BRH:0
end_of_record
TN:
SF:/Users/matt/projects/barco-challenge/src/store/index.js
FNF:0
FNH:0
DA:8,0
LF:1
LH:0
BRF:0
BRH:0
end_of_record
TN:
SF:/Users/matt/projects/barco-challenge/src/store/modules/albums.js
FN:8,(anonymous_0)
FN:9,(anonymous_1)
FN:9,(anonymous_2)
FN:10,(anonymous_3)
FN:15,(anonymous_4)
FN:16,(anonymous_5)
FN:20,(anonymous_6)
FN:26,(anonymous_7)
FN:31,(anonymous_8)
FN:39,(anonymous_9)
FN:42,(anonymous_10)
FN:45,(anonymous_11)
FN:46,(anonymous_12)
FN:49,(anonymous_13)
FN:52,(anonymous_14)
FNF:15
FNH:0
FNDA:0,(anonymous_0)
FNDA:0,(anonymous_1)
FNDA:0,(anonymous_2)
FNDA:0,(anonymous_3)
FNDA:0,(anonymous_4)
FNDA:0,(anonymous_5)
FNDA:0,(anonymous_6)
FNDA:0,(anonymous_7)
FNDA:0,(anonymous_8)
FNDA:0,(anonymous_9)
FNDA:0,(anonymous_10)
FNDA:0,(anonymous_11)
FNDA:0,(anonymous_12)
FNDA:0,(anonymous_13)
FNDA:0,(anonymous_14)
DA:3,0
DA:7,0
DA:8,0
DA:9,0
DA:10,0
DA:14,0
DA:16,0
DA:17,0
DA:21,0
DA:25,0
DA:28,0
DA:29,0
DA:30,0
DA:31,0
DA:32,0
DA:37,0
DA:40,0
DA:42,0
DA:46,0
DA:47,0
DA:50,0
DA:53,0
LF:22
LH:0
BRDA:29,0,0,0
BRDA:29,0,1,0
BRDA:31,1,0,0
BRDA:31,1,1,0
BRDA:46,2,0,0
BRDA:46,2,1,0
BRF:6
BRH:0
end_of_record
TN:
SF:/Users/matt/projects/barco-challenge/src/store/modules/songs.js
FN:8,(anonymous_0)
FN:13,(anonymous_1)
FN:18,(anonymous_2)
FN:19,(anonymous_3)
FN:22,(anonymous_4)
FN:25,(anonymous_5)
FNF:6
FNH:0
FNDA:0,(anonymous_0)
FNDA:0,(anonymous_1)
FNDA:0,(anonymous_2)
FNDA:0,(anonymous_3)
FNDA:0,(anonymous_4)
FNDA:0,(anonymous_5)
DA:4,0
DA:7,0
DA:9,0
DA:12,0
DA:14,0
DA:17,0
DA:19,0
DA:20,0
DA:23,0
DA:25,0
LF:10
LH:0
BRDA:19,0,0,0
BRDA:19,0,1,0
BRF:2
BRH:0
end_of_record
TN:
SF:/Users/matt/projects/barco-challenge/src/store/modules/users.js
FN:7,(anonymous_0)
FN:12,(anonymous_1)
FN:17,(anonymous_2)
FN:21,(anonymous_3)
FN:24,(anonymous_4)
FNF:5
FNH:0
FNDA:0,(anonymous_0)
FNDA:0,(anonymous_1)
FNDA:0,(anonymous_2)
FNDA:0,(anonymous_3)
FNDA:0,(anonymous_4)
DA:3,0
DA:6,0
DA:8,0
DA:11,0
DA:13,0
DA:16,0
DA:18,0
DA:19,0
DA:22,0
DA:25,0
LF:10
LH:0
BRDA:18,0,0,0
BRDA:18,0,1,0
BRF:2
BRH:0
end_of_record
